[     103ms] [INFO] %cDownload the React DevTools for a better development experience: https://react.dev/link/react-devtools font-weight:bold @ http://localhost:3001/_next/static/chunks/node_modules_next_dist_115brz8._.js:2477
[     115ms] [LOG] [HMR] connected @ http://localhost:3001/_next/static/chunks/node_modules_next_dist_115brz8._.js:2477
[   90635ms] [LOG] [Fast Refresh] rebuilding @ http://localhost:3001/_next/static/chunks/node_modules_next_dist_115brz8._.js:2477
[   90754ms] [LOG] [Fast Refresh] done in 67ms @ http://localhost:3001/_next/static/chunks/node_modules_next_dist_115brz8._.js:2477
[   99870ms] [LOG] [Fast Refresh] rebuilding @ http://localhost:3001/_next/static/chunks/node_modules_next_dist_115brz8._.js:2477
[   99983ms] [LOG] [Fast Refresh] done in 83ms @ http://localhost:3001/_next/static/chunks/node_modules_next_dist_115brz8._.js:2477
[  378516ms] [LOG] [Fast Refresh] rebuilding @ http://localhost:3001/_next/static/chunks/node_modules_next_dist_115brz8._.js:2477
[  378725ms] [LOG] [Fast Refresh] done in 96ms @ http://localhost:3001/_next/static/chunks/node_modules_next_dist_115brz8._.js:2477
[  378836ms] [LOG] [Fast Refresh] rebuilding @ http://localhost:3001/_next/static/chunks/node_modules_next_dist_115brz8._.js:2477
[  378943ms] [LOG] [Fast Refresh] done in 207ms @ http://localhost:3001/_next/static/chunks/node_modules_next_dist_115brz8._.js:2477
[  532140ms] [LOG] [Fast Refresh] rebuilding @ http://localhost:3001/_next/static/chunks/node_modules_next_dist_115brz8._.js:2477
[  532221ms] [LOG] [Fast Refresh] done in 54ms @ http://localhost:3001/_next/static/chunks/node_modules_next_dist_115brz8._.js:2477
[  539370ms] [LOG] [Fast Refresh] rebuilding @ http://localhost:3001/_next/static/chunks/node_modules_next_dist_115brz8._.js:2477
[  539446ms] [LOG] [Fast Refresh] done in 13ms @ http://localhost:3001/_next/static/chunks/node_modules_next_dist_115brz8._.js:2477
[  545040ms] [LOG] [Fast Refresh] rebuilding @ http://localhost:3001/_next/static/chunks/node_modules_next_dist_115brz8._.js:2477
[  545080ms] [LOG] [Fast Refresh] done in 29ms @ http://localhost:3001/_next/static/chunks/node_modules_next_dist_115brz8._.js:2477
[  606410ms] [LOG] [Fast Refresh] rebuilding @ http://localhost:3001/_next/static/chunks/node_modules_next_dist_115brz8._.js:2477
[  606476ms] [LOG] [Fast Refresh] done in 26ms @ http://localhost:3001/_next/static/chunks/node_modules_next_dist_115brz8._.js:2477
[  613737ms] [LOG] [Fast Refresh] rebuilding @ http://localhost:3001/_next/static/chunks/node_modules_next_dist_115brz8._.js:2477
[  613782ms] [LOG] [Fast Refresh] done in 14ms @ http://localhost:3001/_next/static/chunks/node_modules_next_dist_115brz8._.js:2477
[  620940ms] [LOG] [Fast Refresh] rebuilding @ http://localhost:3001/_next/static/chunks/node_modules_next_dist_115brz8._.js:2477
[  620970ms] [LOG] [Fast Refresh] done in 22ms @ http://localhost:3001/_next/static/chunks/node_modules_next_dist_115brz8._.js:2477
[  629441ms] [LOG] [Fast Refresh] rebuilding @ http://localhost:3001/_next/static/chunks/node_modules_next_dist_115brz8._.js:2477
[  629490ms] [LOG] [Fast Refresh] done in 18ms @ http://localhost:3001/_next/static/chunks/node_modules_next_dist_115brz8._.js:2477
[ 1044036ms] [ERROR] Failed to load resource: net::ERR_NETWORK_IO_SUSPENDED @ http://localhost:3001/_next/image?url=%2Flanding%2Fhero-collage.png&w=640&q=75:0
[ 1045036ms] [LOG] [HMR] connected @ http://localhost:3001/_next/static/chunks/node_modules_next_dist_115brz8._.js:2477
[ 2260313ms] [LOG] [Fast Refresh] rebuilding @ http://localhost:3001/_next/static/chunks/node_modules_next_dist_115brz8._.js:2477
[ 2260934ms] [LOG] [Fast Refresh] done in 712ms @ http://localhost:3001/_next/static/chunks/node_modules_next_dist_115brz8._.js:2477
[ 2261035ms] [LOG] [Fast Refresh] rebuilding @ http://localhost:3001/_next/static/chunks/node_modules_next_dist_115brz8._.js:2477
[ 2261154ms] [LOG] [Fast Refresh] done in 219ms @ http://localhost:3001/_next/static/chunks/node_modules_next_dist_115brz8._.js:2477
[ 2261272ms] [LOG] [Fast Refresh] rebuilding @ http://localhost:3001/_next/static/chunks/node_modules_next_dist_115brz8._.js:2477
[ 2261411ms] [LOG] [Fast Refresh] done in 241ms @ http://localhost:3001/_next/static/chunks/node_modules_next_dist_115brz8._.js:2477
[ 2279257ms] [LOG] [Fast Refresh] rebuilding @ http://localhost:3001/_next/static/chunks/node_modules_next_dist_115brz8._.js:2477
[ 2279329ms] [LOG] [Fast Refresh] done in 154ms @ http://localhost:3001/_next/static/chunks/node_modules_next_dist_115brz8._.js:2477
[ 2491631ms] [LOG] [Fast Refresh] rebuilding @ http://localhost:3001/_next/static/chunks/node_modules_next_dist_115brz8._.js:2477
[ 2491654ms] [LOG] [Fast Refresh] done in 103ms @ http://localhost:3001/_next/static/chunks/node_modules_next_dist_115brz8._.js:2477
[ 2748297ms] [LOG] [Fast Refresh] rebuilding @ http://localhost:3001/_next/static/chunks/node_modules_next_dist_115brz8._.js:2477
[ 2748323ms] [LOG] [Fast Refresh] done in 60ms @ http://localhost:3001/_next/static/chunks/node_modules_next_dist_115brz8._.js:2477
[ 2860789ms] [LOG] [Fast Refresh] rebuilding @ http://localhost:3001/_next/static/chunks/node_modules_next_dist_115brz8._.js:2477
[ 2860803ms] [LOG] [Fast Refresh] done in 80ms @ http://localhost:3001/_next/static/chunks/node_modules_next_dist_115brz8._.js:2477
[ 3042352ms] [LOG] [Fast Refresh] rebuilding @ http://localhost:3001/_next/static/chunks/node_modules_next_dist_115brz8._.js:2477
[ 3042376ms] [LOG] [Fast Refresh] done in 77ms @ http://localhost:3001/_next/static/chunks/node_modules_next_dist_115brz8._.js:2477
[ 3188952ms] [LOG] [Fast Refresh] rebuilding @ http://localhost:3001/_next/static/chunks/node_modules_next_dist_115brz8._.js:2477
[ 3188981ms] [LOG] [Fast Refresh] done in 58ms @ http://localhost:3001/_next/static/chunks/node_modules_next_dist_115brz8._.js:2477
[ 3395664ms] [LOG] [Fast Refresh] rebuilding @ http://localhost:3001/_next/static/chunks/node_modules_next_dist_115brz8._.js:2477
[ 3395703ms] [LOG] [Fast Refresh] done in 85ms @ http://localhost:3001/_next/static/chunks/node_modules_next_dist_115brz8._.js:2477
[ 3403488ms] [LOG] [Fast Refresh] rebuilding @ http://localhost:3001/_next/static/chunks/node_modules_next_dist_115brz8._.js:2477
[ 3403513ms] [LOG] [Fast Refresh] done in 36ms @ http://localhost:3001/_next/static/chunks/node_modules_next_dist_115brz8._.js:2477
[ 3481806ms] [ERROR] Failed to load resource: net::ERR_NETWORK_IO_SUSPENDED @ http://localhost:3001/_next/image?url=%2Flanding%2Fhero-collage.png&w=640&q=75:0
[ 3482814ms] [LOG] [HMR] connected @ http://localhost:3001/_next/static/chunks/node_modules_next_dist_115brz8._.js:2477
[ 3731204ms] [LOG] [Fast Refresh] rebuilding @ http://localhost:3001/_next/static/chunks/node_modules_next_dist_115brz8._.js:2477
[ 3731235ms] [LOG] [Fast Refresh] done in 118ms @ http://localhost:3001/_next/static/chunks/node_modules_next_dist_115brz8._.js:2477
[ 3763706ms] [LOG] [HMR] connected @ http://localhost:3001/_next/static/chunks/node_modules_next_dist_115brz8._.js:2477
[ 5108919ms] [LOG] [Fast Refresh] rebuilding @ http://localhost:3001/_next/static/chunks/node_modules_next_dist_115brz8._.js:2477
[ 5109036ms] [LOG] [Fast Refresh] done in 130ms @ http://localhost:3001/_next/static/chunks/node_modules_next_dist_115brz8._.js:2477
[ 5267561ms] [LOG] [HMR] connected @ http://localhost:3001/_next/static/chunks/node_modules_next_dist_115brz8._.js:2477
[ 5398956ms] [LOG] [HMR] connected @ http://localhost:3001/_next/static/chunks/node_modules_next_dist_115brz8._.js:2477
[ 7848726ms] [LOG] [HMR] connected @ http://localhost:3001/_next/static/chunks/node_modules_next_dist_115brz8._.js:2477
[75093485ms] [LOG] [HMR] connected @ http://localhost:3001/_next/static/chunks/node_modules_next_dist_115brz8._.js:2477
[75093715ms] [LOG] [Fast Refresh] rebuilding @ http://localhost:3001/_next/static/chunks/node_modules_next_dist_115brz8._.js:2477
[75093925ms] [LOG] [Fast Refresh] done in 317ms @ http://localhost:3001/_next/static/chunks/node_modules_next_dist_115brz8._.js:2477
[75489907ms] [LOG] [Fast Refresh] rebuilding @ http://localhost:3001/_next/static/chunks/node_modules_next_dist_115brz8._.js:2477
[75489921ms] [LOG] [Fast Refresh] done in 117ms @ http://localhost:3001/_next/static/chunks/node_modules_next_dist_115brz8._.js:2477
[77235009ms] [LOG] [HMR] connected @ http://localhost:3001/_next/static/chunks/node_modules_next_dist_115brz8._.js:2477
[77235137ms] [LOG] [Fast Refresh] rebuilding @ http://localhost:3001/_next/static/chunks/node_modules_next_dist_115brz8._.js:2477
[77235260ms] [LOG] [Fast Refresh] done in 224ms @ http://localhost:3001/_next/static/chunks/node_modules_next_dist_115brz8._.js:2477
[99093380ms] [LOG] [HMR] connected @ http://localhost:3001/_next/static/chunks/node_modules_next_dist_115brz8._.js:2477
[106800710ms] [LOG] [HMR] connected @ http://localhost:3001/_next/static/chunks/node_modules_next_dist_115brz8._.js:2477
[109078241ms] [LOG] [HMR] connected @ http://localhost:3001/_next/static/chunks/node_modules_next_dist_115brz8._.js:2477
[109723174ms] [LOG] [HMR] connected @ http://localhost:3001/_next/static/chunks/node_modules_next_dist_115brz8._.js:2477
[111472239ms] [LOG] [HMR] connected @ http://localhost:3001/_next/static/chunks/node_modules_next_dist_115brz8._.js:2477
[111473265ms] [LOG] [Fast Refresh] rebuilding @ http://localhost:3001/_next/static/chunks/node_modules_next_dist_115brz8._.js:2477
[111473469ms] [LOG] [Fast Refresh] done in 305ms @ http://localhost:3001/_next/static/chunks/node_modules_next_dist_115brz8._.js:2477
[141052039ms] [LOG] [HMR] connected @ http://localhost:3001/_next/static/chunks/node_modules_next_dist_115brz8._.js:2477
[150065582ms] [LOG] [HMR] connected @ http://localhost:3001/_next/static/chunks/node_modules_next_dist_115brz8._.js:2477
[153363502ms] [LOG] [Fast Refresh] rebuilding @ http://localhost:3001/_next/static/chunks/node_modules_next_dist_115brz8._.js:2477
[153363716ms] [LOG] [Fast Refresh] done in 243ms @ http://localhost:3001/_next/static/chunks/node_modules_next_dist_115brz8._.js:2477
[153367907ms] [LOG] [Fast Refresh] rebuilding @ http://localhost:3001/_next/static/chunks/node_modules_next_dist_115brz8._.js:2477
[153367938ms] [LOG] [Fast Refresh] done in 107ms @ http://localhost:3001/_next/static/chunks/node_modules_next_dist_115brz8._.js:2477
[156879906ms] [LOG] [HMR] connected @ http://localhost:3001/_next/static/chunks/node_modules_next_dist_115brz8._.js:2477
[156880056ms] [LOG] [Fast Refresh] rebuilding @ http://localhost:3001/_next/static/chunks/node_modules_next_dist_115brz8._.js:2477
[156880065ms] [LOG] [Fast Refresh] done in 112ms @ http://localhost:3001/_next/static/chunks/node_modules_next_dist_115brz8._.js:2477
[159043233ms] [LOG] [HMR] connected @ http://localhost:3001/_next/static/chunks/node_modules_next_dist_115brz8._.js:2477
[159283757ms] [LOG] [Fast Refresh] rebuilding @ http://localhost:3001/_next/static/chunks/node_modules_next_dist_115brz8._.js:2477
[159284109ms] [LOG] [Fast Refresh] done in 456ms @ http://localhost:3001/_next/static/chunks/node_modules_next_dist_115brz8._.js:2477
[159459069ms] [LOG] [Fast Refresh] rebuilding @ http://localhost:3001/_next/static/chunks/node_modules_next_dist_115brz8._.js:2477
[159459457ms] [LOG] [Fast Refresh] done in 274ms @ http://localhost:3001/_next/static/chunks/node_modules_next_dist_115brz8._.js:2477
[159533454ms] [LOG] [Fast Refresh] rebuilding @ http://localhost:3001/_next/static/chunks/node_modules_next_dist_115brz8._.js:2477
[159533479ms] [LOG] [Fast Refresh] done in 128ms @ http://localhost:3001/_next/static/chunks/node_modules_next_dist_115brz8._.js:2477
[159713434ms] [LOG] [Fast Refresh] rebuilding @ http://localhost:3001/_next/static/chunks/node_modules_next_dist_115brz8._.js:2477
[159713450ms] [LOG] [Fast Refresh] done in 56ms @ http://localhost:3001/_next/static/chunks/node_modules_next_dist_115brz8._.js:2477
[159719271ms] [LOG] [Fast Refresh] rebuilding @ http://localhost:3001/_next/static/chunks/node_modules_next_dist_115brz8._.js:2477
[159719315ms] [LOG] [Fast Refresh] done in 111ms @ http://localhost:3001/_next/static/chunks/node_modules_next_dist_115brz8._.js:2477
[159934558ms] [LOG] [Fast Refresh] rebuilding @ http://localhost:3001/_next/static/chunks/node_modules_next_dist_115brz8._.js:2477
[159934589ms] [LOG] [Fast Refresh] done in 105ms @ http://localhost:3001/_next/static/chunks/node_modules_next_dist_115brz8._.js:2477
[160007592ms] [LOG] [Fast Refresh] rebuilding @ http://localhost:3001/_next/static/chunks/node_modules_next_dist_115brz8._.js:2477
[160007608ms] [LOG] [Fast Refresh] done in 57ms @ http://localhost:3001/_next/static/chunks/node_modules_next_dist_115brz8._.js:2477
[160209344ms] [LOG] [Fast Refresh] rebuilding @ http://localhost:3001/_next/static/chunks/node_modules_next_dist_115brz8._.js:2477
[160209418ms] [LOG] [Fast Refresh] done in 110ms @ http://localhost:3001/_next/static/chunks/node_modules_next_dist_115brz8._.js:2477
[160329966ms] [LOG] [HMR] connected @ http://localhost:3001/_next/static/chunks/node_modules_next_dist_115brz8._.js:2477
[160604883ms] [LOG] [Fast Refresh] rebuilding @ http://localhost:3001/_next/static/chunks/node_modules_next_dist_115brz8._.js:2477
[160605001ms] [LOG] [Fast Refresh] done in 156ms @ http://localhost:3001/_next/static/chunks/node_modules_next_dist_115brz8._.js:2477
[160681640ms] [LOG] [Fast Refresh] rebuilding @ http://localhost:3001/_next/static/chunks/node_modules_next_dist_115brz8._.js:2477
[160681722ms] [LOG] [Fast Refresh] done in 104ms @ http://localhost:3001/_next/static/chunks/node_modules_next_dist_115brz8._.js:2477
[160729533ms] [LOG] [Fast Refresh] rebuilding @ http://localhost:3001/_next/static/chunks/node_modules_next_dist_115brz8._.js:2477
[160729559ms] [LOG] [Fast Refresh] done in 57ms @ http://localhost:3001/_next/static/chunks/node_modules_next_dist_115brz8._.js:2477
[160823861ms] [LOG] [Fast Refresh] rebuilding @ http://localhost:3001/_next/static/chunks/node_modules_next_dist_115brz8._.js:2477
[160823885ms] [LOG] [Fast Refresh] done in 53ms @ http://localhost:3001/_next/static/chunks/node_modules_next_dist_115brz8._.js:2477
[161312092ms] [LOG] [Fast Refresh] rebuilding @ http://localhost:3001/_next/static/chunks/node_modules_next_dist_115brz8._.js:2477
[161312191ms] [LOG] [Fast Refresh] done in 166ms @ http://localhost:3001/_next/static/chunks/node_modules_next_dist_115brz8._.js:2477
[161319664ms] [LOG] [Fast Refresh] rebuilding @ http://localhost:3001/_next/static/chunks/node_modules_next_dist_115brz8._.js:2477
[161319690ms] [LOG] [Fast Refresh] done in 57ms @ http://localhost:3001/_next/static/chunks/node_modules_next_dist_115brz8._.js:2477
[161371076ms] [LOG] [Fast Refresh] rebuilding @ http://localhost:3001/_next/static/chunks/node_modules_next_dist_115brz8._.js:2477
[161371317ms] [LOG] [Fast Refresh] done in 99ms @ http://localhost:3001/_next/static/chunks/node_modules_next_dist_115brz8._.js:2477
[161380401ms] [LOG] [Fast Refresh] rebuilding @ http://localhost:3001/_next/static/chunks/node_modules_next_dist_115brz8._.js:2477
[161380425ms] [LOG] [Fast Refresh] done in 26ms @ http://localhost:3001/_next/static/chunks/node_modules_next_dist_115brz8._.js:2477
[161473158ms] [LOG] [Fast Refresh] rebuilding @ http://localhost:3001/_next/static/chunks/node_modules_next_dist_115brz8._.js:2477
[161473304ms] [LOG] [Fast Refresh] done in 64ms @ http://localhost:3001/_next/static/chunks/node_modules_next_dist_115brz8._.js:2477
[161683874ms] [LOG] [Fast Refresh] rebuilding @ http://localhost:3001/_next/static/chunks/node_modules_next_dist_115brz8._.js:2477
[161684031ms] [LOG] [Fast Refresh] done in 230ms @ http://localhost:3001/_next/static/chunks/node_modules_next_dist_115brz8._.js:2477
[162807953ms] [LOG] [HMR] connected @ http://localhost:3001/_next/static/chunks/node_modules_next_dist_115brz8._.js:2477
[164658021ms] [LOG] [HMR] connected @ http://localhost:3001/_next/static/chunks/node_modules_next_dist_115brz8._.js:2477
[165028803ms] [LOG] [HMR] connected @ http://localhost:3001/_next/static/chunks/node_modules_next_dist_115brz8._.js:2477
[165028982ms] [LOG] [Fast Refresh] rebuilding @ http://localhost:3001/_next/static/chunks/node_modules_next_dist_115brz8._.js:2477
[165029286ms] [LOG] [Fast Refresh] done in 404ms @ http://localhost:3001/_next/static/chunks/node_modules_next_dist_115brz8._.js:2477
[166148247ms] [LOG] [HMR] connected @ http://localhost:3001/_next/static/chunks/node_modules_next_dist_115brz8._.js:2477
[166148980ms] [LOG] [Fast Refresh] rebuilding @ http://localhost:3001/_next/static/chunks/node_modules_next_dist_115brz8._.js:2477
[166149252ms] [LOG] [Fast Refresh] done in 374ms @ http://localhost:3001/_next/static/chunks/node_modules_next_dist_115brz8._.js:2477
[169258003ms] [LOG] [HMR] connected @ http://localhost:3001/_next/static/chunks/node_modules_next_dist_115brz8._.js:2477
[169329860ms] [LOG] [HMR] connected @ http://localhost:3001/_next/static/chunks/node_modules_next_dist_115brz8._.js:2477
[170427080ms] [LOG] [HMR] connected @ http://localhost:3001/_next/static/chunks/node_modules_next_dist_115brz8._.js:2477
[186650299ms] [LOG] [HMR] connected @ http://localhost:3001/_next/static/chunks/node_modules_next_dist_115brz8._.js:2477
[186653827ms] [LOG] [Fast Refresh] rebuilding @ http://localhost:3001/_next/static/chunks/node_modules_next_dist_115brz8._.js:2477
[186657728ms] [LOG] [Fast Refresh] done in 4010ms @ http://localhost:3001/_next/static/chunks/node_modules_next_dist_115brz8._.js:2477
[193162715ms] [LOG] [HMR] connected @ http://localhost:3001/_next/static/chunks/node_modules_next_dist_115brz8._.js:2477
[193162868ms] [LOG] [Fast Refresh] rebuilding @ http://localhost:3001/_next/static/chunks/node_modules_next_dist_115brz8._.js:2477
[193163159ms] [LOG] [Fast Refresh] done in 394ms @ http://localhost:3001/_next/static/chunks/node_modules_next_dist_115brz8._.js:2477
[193896228ms] [LOG] [HMR] connected @ http://localhost:3001/_next/static/chunks/node_modules_next_dist_115brz8._.js:2477
[197807777ms] [LOG] [HMR] connected @ http://localhost:3001/_next/static/chunks/node_modules_next_dist_115brz8._.js:2477
[213749018ms] [LOG] [HMR] connected @ http://localhost:3001/_next/static/chunks/node_modules_next_dist_115brz8._.js:2477
[214303031ms] [LOG] [HMR] connected @ http://localhost:3001/_next/static/chunks/node_modules_next_dist_115brz8._.js:2477
[214304089ms] [LOG] [Fast Refresh] rebuilding @ http://localhost:3001/_next/static/chunks/node_modules_next_dist_115brz8._.js:2477
[214304343ms] [LOG] [Fast Refresh] done in 358ms @ http://localhost:3001/_next/static/chunks/node_modules_next_dist_115brz8._.js:2477
[225201334ms] [LOG] [HMR] connected @ http://localhost:3001/_next/static/chunks/node_modules_next_dist_115brz8._.js:2477
[228412033ms] [LOG] [HMR] connected @ http://localhost:3001/_next/static/chunks/node_modules_next_dist_115brz8._.js:2477
[228494315ms] [LOG] [HMR] connected @ http://localhost:3001/_next/static/chunks/node_modules_next_dist_115brz8._.js:2477
[238763063ms] [LOG] [HMR] connected @ http://localhost:3001/_next/static/chunks/node_modules_next_dist_115brz8._.js:2477
[238763779ms] [LOG] [Fast Refresh] rebuilding @ http://localhost:3001/_next/static/chunks/node_modules_next_dist_115brz8._.js:2477
[238764017ms] [LOG] [Fast Refresh] done in 340ms @ http://localhost:3001/_next/static/chunks/node_modules_next_dist_115brz8._.js:2477
[239529456ms] [LOG] [HMR] connected @ http://localhost:3001/_next/static/chunks/node_modules_next_dist_115brz8._.js:2477
[239529767ms] [LOG] [Fast Refresh] rebuilding @ http://localhost:3001/_next/static/chunks/node_modules_next_dist_115brz8._.js:2477
[239529827ms] [LOG] [Fast Refresh] done in 161ms @ http://localhost:3001/_next/static/chunks/node_modules_next_dist_115brz8._.js:2477
[242487630ms] [LOG] [HMR] connected @ http://localhost:3001/_next/static/chunks/node_modules_next_dist_115brz8._.js:2477
